<?xml version="1.0" encoding="UTF-8"?>
<!-- Generated by org.testng.reporters.JUnitReportReporter -->
<testsuite hostname="Naveenkumar-PQA" failures="0" tests="1" name="taskScenario.quantityPrice" time="32.423" errors="0" timestamp="2022-12-07T16:37:52 IST" skipped="0">
  <testcase classname="taskScenario.quantityPrice" name="senario_1" time="32.423"/>
  <system-out/>
</testsuite> <!-- taskScenario.quantityPrice -->
