<?xml version="1.0" encoding="UTF-8"?>
<!-- Generated by org.testng.reporters.JUnitReportReporter -->
<testsuite hostname="Naveenkumar-PQA" failures="0" tests="1" name="taskScenario.compareSite" time="133.740" errors="0" timestamp="2022-12-07T16:57:03 IST" skipped="0">
  <testcase classname="taskScenario.compareSite" name="amazon" time="133.740"/>
  <system-out/>
</testsuite> <!-- taskScenario.compareSite -->
