<?xml version="1.0" encoding="UTF-8"?>
<!-- Generated by org.testng.reporters.JUnitReportReporter -->
<testsuite hostname="Naveenkumar-PQA" failures="0" tests="1" name="scenario_1.quantityPrice" time="63.085" errors="0" timestamp="2022-12-07T12:04:56 IST" skipped="0">
  <testcase classname="scenario_1.quantityPrice" name="senario_1" time="63.085"/>
  <system-out/>
</testsuite> <!-- scenario_1.quantityPrice -->
