<?xml version="1.0" encoding="UTF-8"?>
<!-- Generated by org.testng.reporters.JUnitReportReporter -->
<testsuite hostname="Naveenkumar-PQA" failures="0" tests="1" name="taskScenario.NewTest" time="108.638" errors="0" timestamp="2022-12-07T14:57:16 IST" skipped="0">
  <testcase classname="taskScenario.NewTest" name="amazon" time="108.638"/>
  <system-out/>
</testsuite> <!-- taskScenario.NewTest -->
